Using pre-set license
Built from '2022.3/staging' branch; Version is '2022.3.10f1 (ff3792e53c62) revision 16725906'; Using compiler version '192829333'; Build Type 'Release'
OS: 'Windows 10  (10.0.19045) 64bit Core' Language: 'en' Physical Memory: 16205 MB
BatchMode: 1, IsHumanControllingUs: 0, StartBugReporterOnCrash: 0, Is64bit: 1, IsPro: 1

COMMAND LINE ARGUMENTS:
C:\Program Files\Unity\Hub\Editor\2022.3.10f1\Editor\Unity.exe
-adb2
-batchMode
-noUpm
-name
AssetImportWorker1
-projectPath
C:/Users/Chris/Documents/GitHub/pcq2/COMP397Group1
-logFile
Logs/AssetImportWorker1.log
-srvPort
56007
Successfully changed project path to: C:/Users/Chris/Documents/GitHub/pcq2/COMP397Group1
C:/Users/Chris/Documents/GitHub/pcq2/COMP397Group1
[UnityMemory] Configuration Parameters - Can be set up in boot.config
    "memorysetup-bucket-allocator-granularity=16"
    "memorysetup-bucket-allocator-bucket-count=8"
    "memorysetup-bucket-allocator-block-size=33554432"
    "memorysetup-bucket-allocator-block-count=8"
    "memorysetup-main-allocator-block-size=16777216"
    "memorysetup-thread-allocator-block-size=16777216"
    "memorysetup-gfx-main-allocator-block-size=16777216"
    "memorysetup-gfx-thread-allocator-block-size=16777216"
    "memorysetup-cache-allocator-block-size=4194304"
    "memorysetup-typetree-allocator-block-size=2097152"
    "memorysetup-profiler-bucket-allocator-granularity=16"
    "memorysetup-profiler-bucket-allocator-bucket-count=8"
    "memorysetup-profiler-bucket-allocator-block-size=33554432"
    "memorysetup-profiler-bucket-allocator-block-count=8"
    "memorysetup-profiler-allocator-block-size=16777216"
    "memorysetup-profiler-editor-allocator-block-size=1048576"
    "memorysetup-temp-allocator-size-main=16777216"
    "memorysetup-job-temp-allocator-block-size=2097152"
    "memorysetup-job-temp-allocator-block-size-background=1048576"
    "memorysetup-job-temp-allocator-reduction-small-platforms=262144"
    "memorysetup-allocator-temp-initial-block-size-main=262144"
    "memorysetup-allocator-temp-initial-block-size-worker=262144"
    "memorysetup-temp-allocator-size-background-worker=32768"
    "memorysetup-temp-allocator-size-job-worker=262144"
    "memorysetup-temp-allocator-size-preload-manager=33554432"
    "memorysetup-temp-allocator-size-nav-mesh-worker=65536"
    "memorysetup-temp-allocator-size-audio-worker=65536"
    "memorysetup-temp-allocator-size-cloud-worker=32768"
    "memorysetup-temp-allocator-size-gi-baking-worker=262144"
    "memorysetup-temp-allocator-size-gfx=262144"
Player connection [25316] Host "[IP] 192.168.56.1 [Port] 0 [Flags] 2 [Guid] 532675117 [EditorId] 532675117 [Version] 1048832 [Id] WindowsEditor(7,MSI) [Debug] 1 [PackageName] WindowsEditor [ProjectName] Editor" joined multi-casting on [225.0.0.222:54997]...

Player connection [25316] Host "[IP] 192.168.56.1 [Port] 0 [Flags] 2 [Guid] 532675117 [EditorId] 532675117 [Version] 1048832 [Id] WindowsEditor(7,MSI) [Debug] 1 [PackageName] WindowsEditor [ProjectName] Editor" joined alternative multi-casting on [225.0.0.222:34997]...

[Physics::Module] Initialized MultithreadedJobDispatcher with 11 workers.
Refreshing native plugins compatible for Editor in 134.16 ms, found 3 plugins.
Preloading 0 native plugins for Editor in 0.00 ms.
Initialize engine version: 2022.3.10f1 (ff3792e53c62)
[Subsystems] Discovering subsystems at path C:/Program Files/Unity/Hub/Editor/2022.3.10f1/Editor/Data/Resources/UnitySubsystems
[Subsystems] Discovering subsystems at path C:/Users/Chris/Documents/GitHub/pcq2/COMP397Group1/Assets
GfxDevice: creating device client; threaded=0; jobified=0
Direct3D:
    Version:  Direct3D 11.0 [level 11.1]
    Renderer: NVIDIA GeForce RTX 3060 Laptop GPU (ID=0x2520)
    Vendor:   NVIDIA
    VRAM:     6023 MB
    Driver:   30.0.14.9717
Initialize mono
Mono path[0] = 'C:/Program Files/Unity/Hub/Editor/2022.3.10f1/Editor/Data/Managed'
Mono path[1] = 'C:/Program Files/Unity/Hub/Editor/2022.3.10f1/Editor/Data/MonoBleedingEdge/lib/mono/unityjit-win32'
Mono config path = 'C:/Program Files/Unity/Hub/Editor/2022.3.10f1/Editor/Data/MonoBleedingEdge/etc'
Using monoOptions --debugger-agent=transport=dt_socket,embedding=1,server=y,suspend=n,address=127.0.0.1:56396
Begin MonoManager ReloadAssembly
Registering precompiled unity dll's ...
Register platform support module: C:/Program Files/Unity/Hub/Editor/2022.3.10f1/Editor/Data/PlaybackEngines/WindowsStandaloneSupport/UnityEditor.WindowsStandalone.Extensions.dll
Registered in 0.024157 seconds.
- Loaded All Assemblies, in  0.657 seconds
Native extension for WindowsStandalone target not found
Mono: successfully reloaded assembly
- Finished resetting the current domain, in  0.376 seconds
Domain Reload Profiling: 1028ms
	BeginReloadAssembly (244ms)
		ExecutionOrderSort (0ms)
		DisableScriptedObjects (0ms)
		BackupInstance (0ms)
		ReleaseScriptingObjects (0ms)
		CreateAndSetChildDomain (1ms)
	RebuildCommonClasses (55ms)
	RebuildNativeTypeToScriptingClass (15ms)
	initialDomainReloadingComplete (108ms)
	LoadAllAssembliesAndSetupDomain (230ms)
		LoadAssemblies (239ms)
		RebuildTransferFunctionScriptingTraits (0ms)
		AnalyzeDomain (227ms)
			TypeCache.Refresh (224ms)
				TypeCache.ScanAssembly (202ms)
			ScanForSourceGeneratedMonoScriptInfo (1ms)
			ResolveRequiredComponents (1ms)
	FinalizeReload (377ms)
		ReleaseScriptCaches (0ms)
		RebuildScriptCaches (0ms)
		SetupLoadedEditorAssemblies (289ms)
			LogAssemblyErrors (0ms)
			InitializePlatformSupportModulesInManaged (16ms)
			SetLoadedEditorAssemblies (13ms)
			RefreshPlugins (0ms)
			BeforeProcessingInitializeOnLoad (3ms)
			ProcessInitializeOnLoadAttributes (185ms)
			ProcessInitializeOnLoadMethodAttributes (72ms)
			AfterProcessingInitializeOnLoad (0ms)
			EditorAssembliesLoaded (0ms)
		ExecutionOrderSort2 (0ms)
		AwakeInstancesAfterBackupRestoration (0ms)
========================================================================
Worker process is ready to serve import requests
Begin MonoManager ReloadAssembly
- Loaded All Assemblies, in  1.595 seconds
Refreshing native plugins compatible for Editor in 7.10 ms, found 3 plugins.
Native extension for WindowsStandalone target not found
Package Manager log level set to [2]
[Package Manager] Server::EnsureServerProcessIsRunning -- launch failed, reason: Unity was launched with the -noUpm command-line argument
[Package Manager] UpmClient::Send -- Unable to send message (not connected to UPM process).
[Package Manager] Cannot connect to Unity Package Manager local server
Mono: successfully reloaded assembly
- Finished resetting the current domain, in  0.893 seconds
Domain Reload Profiling: 2479ms
	BeginReloadAssembly (239ms)
		ExecutionOrderSort (0ms)
		DisableScriptedObjects (9ms)
		BackupInstance (0ms)
		ReleaseScriptingObjects (0ms)
		CreateAndSetChildDomain (28ms)
	RebuildCommonClasses (64ms)
	RebuildNativeTypeToScriptingClass (18ms)
	initialDomainReloadingComplete (96ms)
	LoadAllAssembliesAndSetupDomain (1169ms)
		LoadAssemblies (940ms)
		RebuildTransferFunctionScriptingTraits (0ms)
		AnalyzeDomain (378ms)
			TypeCache.Refresh (349ms)
				TypeCache.ScanAssembly (320ms)
			ScanForSourceGeneratedMonoScriptInfo (19ms)
			ResolveRequiredComponents (7ms)
	FinalizeReload (894ms)
		ReleaseScriptCaches (0ms)
		RebuildScriptCaches (0ms)
		SetupLoadedEditorAssemblies (660ms)
			LogAssemblyErrors (0ms)
			InitializePlatformSupportModulesInManaged (13ms)
			SetLoadedEditorAssemblies (5ms)
			RefreshPlugins (0ms)
			BeforeProcessingInitializeOnLoad (98ms)
			ProcessInitializeOnLoadAttributes (497ms)
			ProcessInitializeOnLoadMethodAttributes (29ms)
			AfterProcessingInitializeOnLoad (18ms)
			EditorAssembliesLoaded (0ms)
		ExecutionOrderSort2 (0ms)
		AwakeInstancesAfterBackupRestoration (15ms)
Launched and connected shader compiler UnityShaderCompiler.exe after 0.09 seconds
Refreshing native plugins compatible for Editor in 6.26 ms, found 3 plugins.
Preloading 0 native plugins for Editor in 0.00 ms.
Unloading 3069 Unused Serialized files (Serialized files now loaded: 0)
Unloading 31 unused Assets / (56.3 KB). Loaded Objects now: 3531.
Memory consumption went from 114.3 MB to 114.3 MB.
Total: 5.870300 ms (FindLiveObjects: 0.366900 ms CreateObjectMapping: 0.626900 ms MarkObjects: 4.717800 ms  DeleteObjects: 0.157000 ms)

AssetImportParameters requested are different than current active one (requested -> active):
  custom:container-demuxer-ogg: 62fdf1f143b41e24485cea50d1cbac27 -> 
  custom:video-decoder-ogg-theora: a1e56fd34408186e4bbccfd4996cb3dc -> 
  custom:framework-win-MediaFoundation: 216162199b28c13a410421893ffa2e32 -> 
  custom:CustomObjectIndexerAttribute: 756ad292c208cfabdd7b50bc23989ffe -> 
  custom:container-demuxer-webm: 4f35f7cbe854078d1ac9338744f61a02 -> 
  custom:container-muxer-webm: aa71ff27fc2769a1b78a27578f13a17b -> 
  custom:video-decoder-webm-vp8: 9c59270c3fd7afecdb556c50c9e8de78 -> 
  custom:SearchIndexIgnoredProperties: e643bd26f0fe6173181afceb89e7c659 -> 
  custom:AudioImporter_EditorPlatform: d09bf68614088b80899f8185d706f6e7 -> 
  custom:video-encoder-webm-vp8: eb34c28f22e8b96e1ab97ce403110664 -> 
  custom:audio-decoder-ogg-vorbis: bf7c407c2cedff20999df2af8eb42d56 -> 
  custom:audio-encoder-webm-vorbis: bf7c407c2cedff20999df2af8eb42d56 -> 
========================================================================
Received Import Request.
  Time since last request: 138383.226709 seconds.
  path: Assets/blatt1_a.jpg
  artifactKey: Guid(0ba023dd30ba6184ca2ddee27fb3d59d) Importer(815301076,1909f56bfc062723c751e8b465ee728b)
Start importing Assets/blatt1_a.jpg using Guid(0ba023dd30ba6184ca2ddee27fb3d59d) Importer(815301076,1909f56bfc062723c751e8b465ee728b)  -> (artifact id: '692ebfc77c578b8551f52853268facff') in 0.106631 seconds
Number of updated asset objects reloaded before import = 0
Number of asset objects unloaded after import = 2
========================================================================
Received Import Request.
  Time since last request: 0.000033 seconds.
  path: Assets/blatt1.jpg
  artifactKey: Guid(95244bda2527de44e81364943e2e79ce) Importer(815301076,1909f56bfc062723c751e8b465ee728b)
Start importing Assets/blatt1.jpg using Guid(95244bda2527de44e81364943e2e79ce) Importer(815301076,1909f56bfc062723c751e8b465ee728b)  -> (artifact id: '2131ff00ee239dfd2f48a1ca8faf7a01') in 0.039885 seconds
Number of updated asset objects reloaded before import = 0
Number of asset objects unloaded after import = 2
========================================================================
Received Import Request.
  Time since last request: 0.000021 seconds.
  path: Assets/Tree1.3ds
  artifactKey: Guid(db4f9affe36da43468e23dac9baa0f74) Importer(815301076,1909f56bfc062723c751e8b465ee728b)
Start importing Assets/Tree1.3ds using Guid(db4f9affe36da43468e23dac9baa0f74) Importer(815301076,1909f56bfc062723c751e8b465ee728b)  -> (artifact id: '07fc9012cc75a3d9d0e598b43158135d') in 0.895916 seconds
Number of updated asset objects reloaded before import = 0
Number of asset objects unloaded after import = 21
========================================================================
Received Import Request.
  Time since last request: 30590.676335 seconds.
  path: Assets/cartoon-jump-6462.mp3
  artifactKey: Guid(95988c3d868ce5049887782cbbaa956a) Importer(815301076,1909f56bfc062723c751e8b465ee728b)
Start importing Assets/cartoon-jump-6462.mp3 using Guid(95988c3d868ce5049887782cbbaa956a) Importer(815301076,1909f56bfc062723c751e8b465ee728b)  -> (artifact id: 'a02326c241b2966e09171eaa8dae7aa0') in 0.339132 seconds
Number of updated asset objects reloaded before import = 0
Number of asset objects unloaded after import = 2
========================================================================
Received Import Request.
  Time since last request: 0.000186 seconds.
  path: Assets/running-sounds-6003.mp3
  artifactKey: Guid(a7fee800ae65a0d45988ce49d624f5f3) Importer(815301076,1909f56bfc062723c751e8b465ee728b)
Start importing Assets/running-sounds-6003.mp3 using Guid(a7fee800ae65a0d45988ce49d624f5f3) Importer(815301076,1909f56bfc062723c751e8b465ee728b)  -> (artifact id: 'a9c4e74d58c8c2069b4c54098339fad7') in 0.022602 seconds
Number of updated asset objects reloaded before import = 0
Number of asset objects unloaded after import = 2
========================================================================
Received Import Request.
  Time since last request: 0.000036 seconds.
  path: Assets/wooden watch tower.blend
  artifactKey: Guid(4dabc04f691aaf540a9614189dc217de) Importer(815301076,1909f56bfc062723c751e8b465ee728b)
Start importing Assets/wooden watch tower.blend using Guid(4dabc04f691aaf540a9614189dc217de) Importer(815301076,1909f56bfc062723c751e8b465ee728b)  -> (artifact id: '073bb9816831eab1e5e33fadf01195b8') in 0.066348 seconds
Number of updated asset objects reloaded before import = 0
Number of asset objects unloaded after import = 22
========================================================================
Received Import Request.
  Time since last request: 0.000024 seconds.
  path: Assets/wooden watch tower2.blend.dxf
  artifactKey: Guid(1708e637f4db02146b8b02c9aef52a26) Importer(815301076,1909f56bfc062723c751e8b465ee728b)
Start importing Assets/wooden watch tower2.blend.dxf using Guid(1708e637f4db02146b8b02c9aef52a26) Importer(815301076,1909f56bfc062723c751e8b465ee728b)  -> (artifact id: '2c1171ccc8c8a57d50e0872426f68dd2') in 0.165727 seconds
Number of updated asset objects reloaded before import = 0
Number of asset objects unloaded after import = 9
========================================================================
Received Import Request.
  Time since last request: 0.000022 seconds.
  path: Assets/Rock-Texture-Surface.jpg
  artifactKey: Guid(41b690ec2ba0f6c4b9cda5e581d30b09) Importer(815301076,1909f56bfc062723c751e8b465ee728b)
Start importing Assets/Rock-Texture-Surface.jpg using Guid(41b690ec2ba0f6c4b9cda5e581d30b09) Importer(815301076,1909f56bfc062723c751e8b465ee728b)  -> (artifact id: 'c127afc39ef852a91ceeae789328bdb9') in 0.065446 seconds
Number of updated asset objects reloaded before import = 0
Number of asset objects unloaded after import = 2
========================================================================
Received Import Request.
  Time since last request: 0.000032 seconds.
  path: Assets/wooden watch tower2.blend
  artifactKey: Guid(de06983b395479645bd50454beb063f1) Importer(815301076,1909f56bfc062723c751e8b465ee728b)
Start importing Assets/wooden watch tower2.blend using Guid(de06983b395479645bd50454beb063f1) Importer(815301076,1909f56bfc062723c751e8b465ee728b)  -> (artifact id: 'def006129c1b2086c2bc3d953b34891c') in 0.036091 seconds
Number of updated asset objects reloaded before import = 0
Number of asset objects unloaded after import = 8
========================================================================
Received Import Request.
  Time since last request: 0.000021 seconds.
  path: Assets/pixel-death-66829.mp3
  artifactKey: Guid(61a8e1e12be5771449deba75d24bf732) Importer(815301076,1909f56bfc062723c751e8b465ee728b)
Start importing Assets/pixel-death-66829.mp3 using Guid(61a8e1e12be5771449deba75d24bf732) Importer(815301076,1909f56bfc062723c751e8b465ee728b)  -> (artifact id: '2f0affe8ae7dcf37444b395fb4824f5b') in 0.020833 seconds
Number of updated asset objects reloaded before import = 0
Number of asset objects unloaded after import = 2
========================================================================
Received Import Request.
  Time since last request: 0.000077 seconds.
  path: Assets/Rock1.fbx
  artifactKey: Guid(d589166a5861f574d8619ca4a0453dbd) Importer(815301076,1909f56bfc062723c751e8b465ee728b)
Start importing Assets/Rock1.fbx using Guid(d589166a5861f574d8619ca4a0453dbd) Importer(815301076,1909f56bfc062723c751e8b465ee728b)  -> (artifact id: 'ff53ef169ffa491c7db4aa6ec9160c3c') in 0.061040 seconds
Number of updated asset objects reloaded before import = 0
Number of asset objects unloaded after import = 23
========================================================================
Received Import Request.
  Time since last request: 0.000019 seconds.
  path: Assets/Rock1.blend
  artifactKey: Guid(498f3df0c2125244aa8ce46e715871ad) Importer(815301076,1909f56bfc062723c751e8b465ee728b)
Start importing Assets/Rock1.blend using Guid(498f3df0c2125244aa8ce46e715871ad) Importer(815301076,1909f56bfc062723c751e8b465ee728b)  -> (artifact id: 'bae716721bdf373eb3fdcca19bf18d10') in 0.060579 seconds
Number of updated asset objects reloaded before import = 0
Number of asset objects unloaded after import = 22
========================================================================
Received Import Request.
  Time since last request: 0.000027 seconds.
  path: Assets/table.obj
  artifactKey: Guid(afdfe32e7e94f7a4da7b27481212447c) Importer(815301076,1909f56bfc062723c751e8b465ee728b)
Start importing Assets/table.obj using Guid(afdfe32e7e94f7a4da7b27481212447c) Importer(815301076,1909f56bfc062723c751e8b465ee728b)  -> (artifact id: '75b585cf84581170f4a00c6c0dcac43d') in 0.050349 seconds
Number of updated asset objects reloaded before import = 0
Number of asset objects unloaded after import = 13
========================================================================
Received Import Request.
  Time since last request: 0.000020 seconds.
  path: Assets/table.fbx
  artifactKey: Guid(5910ad6116c153a42a9ae53e82723431) Importer(815301076,1909f56bfc062723c751e8b465ee728b)
Start importing Assets/table.fbx using Guid(5910ad6116c153a42a9ae53e82723431) Importer(815301076,1909f56bfc062723c751e8b465ee728b)  -> (artifact id: '9636b6014e2a62f4995ff10f240ebb00') in 0.167008 seconds
Number of updated asset objects reloaded before import = 0
Number of asset objects unloaded after import = 77
========================================================================
Received Import Request.
  Time since last request: 0.000031 seconds.
  path: Assets/wooden watch tower2.3ds
  artifactKey: Guid(95c159a59fbe01c4cbc41e256ddc153c) Importer(815301076,1909f56bfc062723c751e8b465ee728b)
Start importing Assets/wooden watch tower2.3ds using Guid(95c159a59fbe01c4cbc41e256ddc153c) Importer(815301076,1909f56bfc062723c751e8b465ee728b)  -> (artifact id: '5b3e162384037233038bb8b554dd982b') in 0.038641 seconds
Number of updated asset objects reloaded before import = 0
Number of asset objects unloaded after import = 8
========================================================================
Received Import Request.
  Time since last request: 0.000017 seconds.
  path: Assets/Rock1.dae
  artifactKey: Guid(ab09039d07ba29a4e9141be82947f7aa) Importer(815301076,1909f56bfc062723c751e8b465ee728b)
Start importing Assets/Rock1.dae using Guid(ab09039d07ba29a4e9141be82947f7aa) Importer(815301076,1909f56bfc062723c751e8b465ee728b)  -> (artifact id: 'fe65a367a6700c859d3ee9e2c39bf85e') in 0.077340 seconds
Number of updated asset objects reloaded before import = 0
Number of asset objects unloaded after import = 22
========================================================================
Received Import Request.
  Time since last request: 0.000034 seconds.
  path: Assets/Rock1.obj
  artifactKey: Guid(6eec4a0f081e453439ef579a1910b3ac) Importer(815301076,1909f56bfc062723c751e8b465ee728b)
Start importing Assets/Rock1.obj using Guid(6eec4a0f081e453439ef579a1910b3ac) Importer(815301076,1909f56bfc062723c751e8b465ee728b)  -> (artifact id: 'b49eb415f0ea39ac8309fff497e8f257') in 0.059687 seconds
Number of updated asset objects reloaded before import = 0
Number of asset objects unloaded after import = 12
========================================================================
Received Import Request.
  Time since last request: 0.000023 seconds.
  path: Assets/wooden watch tower2.obj
  artifactKey: Guid(2a0fb9129eedc3a41a43e2824a16bd9c) Importer(815301076,1909f56bfc062723c751e8b465ee728b)
Start importing Assets/wooden watch tower2.obj using Guid(2a0fb9129eedc3a41a43e2824a16bd9c) Importer(815301076,1909f56bfc062723c751e8b465ee728b)  -> (artifact id: '691ca76062b2c10b6c8ebf292d35ba61') in 0.048299 seconds
Number of updated asset objects reloaded before import = 0
Number of asset objects unloaded after import = 10
========================================================================
Received Import Request.
  Time since last request: 0.000034 seconds.
  path: Assets/Rock1.3ds
  artifactKey: Guid(c468cb392fd58da4c9b5d83682de57d6) Importer(815301076,1909f56bfc062723c751e8b465ee728b)
Start importing Assets/Rock1.3ds using Guid(c468cb392fd58da4c9b5d83682de57d6) Importer(815301076,1909f56bfc062723c751e8b465ee728b)  -> (artifact id: 'd0e1f8efbffa4895fc4f58b2a3b65445') in 0.071551 seconds
Number of updated asset objects reloaded before import = 0
Number of asset objects unloaded after import = 16
