Using pre-set license
Built from '2022.3/staging' branch; Version is '2022.3.10f1 (ff3792e53c62) revision 16725906'; Using compiler version '192829333'; Build Type 'Release'
OS: 'Windows 10  (10.0.19045) 64bit Professional' Language: 'en' Physical Memory: 16303 MB
BatchMode: 1, IsHumanControllingUs: 0, StartBugReporterOnCrash: 0, Is64bit: 1, IsPro: 1

COMMAND LINE ARGUMENTS:
C:\Program Files\Unity\Hub\Editor\2022.3.10f1\Editor\Unity.exe
-adb2
-batchMode
-noUpm
-name
AssetImportWorker1
-projectPath
C:/Users/Michael/Documents/GitHub/COMP397Group1
-logFile
Logs/AssetImportWorker1.log
-srvPort
60874
Successfully changed project path to: C:/Users/Michael/Documents/GitHub/COMP397Group1
C:/Users/Michael/Documents/GitHub/COMP397Group1
[UnityMemory] Configuration Parameters - Can be set up in boot.config
    "memorysetup-bucket-allocator-granularity=16"
    "memorysetup-bucket-allocator-bucket-count=8"
    "memorysetup-bucket-allocator-block-size=33554432"
    "memorysetup-bucket-allocator-block-count=8"
    "memorysetup-main-allocator-block-size=16777216"
    "memorysetup-thread-allocator-block-size=16777216"
    "memorysetup-gfx-main-allocator-block-size=16777216"
    "memorysetup-gfx-thread-allocator-block-size=16777216"
    "memorysetup-cache-allocator-block-size=4194304"
    "memorysetup-typetree-allocator-block-size=2097152"
    "memorysetup-profiler-bucket-allocator-granularity=16"
    "memorysetup-profiler-bucket-allocator-bucket-count=8"
    "memorysetup-profiler-bucket-allocator-block-size=33554432"
    "memorysetup-profiler-bucket-allocator-block-count=8"
    "memorysetup-profiler-allocator-block-size=16777216"
    "memorysetup-profiler-editor-allocator-block-size=1048576"
    "memorysetup-temp-allocator-size-main=16777216"
    "memorysetup-job-temp-allocator-block-size=2097152"
    "memorysetup-job-temp-allocator-block-size-background=1048576"
    "memorysetup-job-temp-allocator-reduction-small-platforms=262144"
    "memorysetup-allocator-temp-initial-block-size-main=262144"
    "memorysetup-allocator-temp-initial-block-size-worker=262144"
    "memorysetup-temp-allocator-size-background-worker=32768"
    "memorysetup-temp-allocator-size-job-worker=262144"
    "memorysetup-temp-allocator-size-preload-manager=33554432"
    "memorysetup-temp-allocator-size-nav-mesh-worker=65536"
    "memorysetup-temp-allocator-size-audio-worker=65536"
    "memorysetup-temp-allocator-size-cloud-worker=32768"
    "memorysetup-temp-allocator-size-gi-baking-worker=262144"
    "memorysetup-temp-allocator-size-gfx=262144"
Player connection [1320] Host "[IP] 192.168.2.192 [Port] 0 [Flags] 2 [Guid] 2602296188 [EditorId] 2602296188 [Version] 1048832 [Id] WindowsEditor(7,DESKTOP-HRT7VFK) [Debug] 1 [PackageName] WindowsEditor [ProjectName] Editor" joined multi-casting on [225.0.0.222:54997]...

Player connection [1320] Host "[IP] 192.168.2.192 [Port] 0 [Flags] 2 [Guid] 2602296188 [EditorId] 2602296188 [Version] 1048832 [Id] WindowsEditor(7,DESKTOP-HRT7VFK) [Debug] 1 [PackageName] WindowsEditor [ProjectName] Editor" joined alternative multi-casting on [225.0.0.222:34997]...

[Physics::Module] Initialized MultithreadedJobDispatcher with 7 workers.
Refreshing native plugins compatible for Editor in 7.49 ms, found 3 plugins.
Preloading 0 native plugins for Editor in 0.00 ms.
Initialize engine version: 2022.3.10f1 (ff3792e53c62)
[Subsystems] Discovering subsystems at path C:/Program Files/Unity/Hub/Editor/2022.3.10f1/Editor/Data/Resources/UnitySubsystems
[Subsystems] Discovering subsystems at path C:/Users/Michael/Documents/GitHub/COMP397Group1/Assets
GfxDevice: creating device client; threaded=0; jobified=0
Direct3D:
    Version:  Direct3D 11.0 [level 11.1]
    Renderer: NVIDIA GeForce RTX 4070 (ID=0x2786)
    Vendor:   NVIDIA
    VRAM:     12026 MB
    Driver:   31.0.15.4633
Initialize mono
Mono path[0] = 'C:/Program Files/Unity/Hub/Editor/2022.3.10f1/Editor/Data/Managed'
Mono path[1] = 'C:/Program Files/Unity/Hub/Editor/2022.3.10f1/Editor/Data/MonoBleedingEdge/lib/mono/unityjit-win32'
Mono config path = 'C:/Program Files/Unity/Hub/Editor/2022.3.10f1/Editor/Data/MonoBleedingEdge/etc'
Using monoOptions --debugger-agent=transport=dt_socket,embedding=1,server=y,suspend=n,address=127.0.0.1:56048
Begin MonoManager ReloadAssembly
Registering precompiled unity dll's ...
Register platform support module: C:/Program Files/Unity/Hub/Editor/2022.3.10f1/Editor/Data/PlaybackEngines/WindowsStandaloneSupport/UnityEditor.WindowsStandalone.Extensions.dll
Registered in 0.009304 seconds.
- Loaded All Assemblies, in  0.374 seconds
Native extension for WindowsStandalone target not found
Mono: successfully reloaded assembly
- Finished resetting the current domain, in  0.246 seconds
Domain Reload Profiling: 618ms
	BeginReloadAssembly (106ms)
		ExecutionOrderSort (0ms)
		DisableScriptedObjects (0ms)
		BackupInstance (0ms)
		ReleaseScriptingObjects (0ms)
		CreateAndSetChildDomain (1ms)
	RebuildCommonClasses (33ms)
	RebuildNativeTypeToScriptingClass (10ms)
	initialDomainReloadingComplete (60ms)
	LoadAllAssembliesAndSetupDomain (162ms)
		LoadAssemblies (104ms)
		RebuildTransferFunctionScriptingTraits (0ms)
		AnalyzeDomain (161ms)
			TypeCache.Refresh (159ms)
				TypeCache.ScanAssembly (147ms)
			ScanForSourceGeneratedMonoScriptInfo (0ms)
			ResolveRequiredComponents (1ms)
	FinalizeReload (247ms)
		ReleaseScriptCaches (0ms)
		RebuildScriptCaches (0ms)
		SetupLoadedEditorAssemblies (189ms)
			LogAssemblyErrors (0ms)
			InitializePlatformSupportModulesInManaged (9ms)
			SetLoadedEditorAssemblies (7ms)
			RefreshPlugins (0ms)
			BeforeProcessingInitializeOnLoad (2ms)
			ProcessInitializeOnLoadAttributes (124ms)
			ProcessInitializeOnLoadMethodAttributes (46ms)
			AfterProcessingInitializeOnLoad (0ms)
			EditorAssembliesLoaded (0ms)
		ExecutionOrderSort2 (0ms)
		AwakeInstancesAfterBackupRestoration (0ms)
========================================================================
Worker process is ready to serve import requests
Begin MonoManager ReloadAssembly
- Loaded All Assemblies, in  0.637 seconds
Refreshing native plugins compatible for Editor in 3.02 ms, found 3 plugins.
Native extension for WindowsStandalone target not found
Package Manager log level set to [2]
[Package Manager] Server::EnsureServerProcessIsRunning -- launch failed, reason: Unity was launched with the -noUpm command-line argument
[Package Manager] UpmClient::Send -- Unable to send message (not connected to UPM process).
[Package Manager] Cannot connect to Unity Package Manager local server
Mono: successfully reloaded assembly
- Finished resetting the current domain, in  0.555 seconds
Domain Reload Profiling: 1189ms
	BeginReloadAssembly (155ms)
		ExecutionOrderSort (0ms)
		DisableScriptedObjects (6ms)
		BackupInstance (0ms)
		ReleaseScriptingObjects (0ms)
		CreateAndSetChildDomain (20ms)
	RebuildCommonClasses (34ms)
	RebuildNativeTypeToScriptingClass (10ms)
	initialDomainReloadingComplete (44ms)
	LoadAllAssembliesAndSetupDomain (391ms)
		LoadAssemblies (306ms)
		RebuildTransferFunctionScriptingTraits (0ms)
		AnalyzeDomain (178ms)
			TypeCache.Refresh (155ms)
				TypeCache.ScanAssembly (141ms)
			ScanForSourceGeneratedMonoScriptInfo (18ms)
			ResolveRequiredComponents (4ms)
	FinalizeReload (555ms)
		ReleaseScriptCaches (0ms)
		RebuildScriptCaches (0ms)
		SetupLoadedEditorAssemblies (397ms)
			LogAssemblyErrors (0ms)
			InitializePlatformSupportModulesInManaged (7ms)
			SetLoadedEditorAssemblies (4ms)
			RefreshPlugins (0ms)
			BeforeProcessingInitializeOnLoad (61ms)
			ProcessInitializeOnLoadAttributes (299ms)
			ProcessInitializeOnLoadMethodAttributes (18ms)
			AfterProcessingInitializeOnLoad (8ms)
			EditorAssembliesLoaded (0ms)
		ExecutionOrderSort2 (0ms)
		AwakeInstancesAfterBackupRestoration (6ms)
Launched and connected shader compiler UnityShaderCompiler.exe after 0.04 seconds
Refreshing native plugins compatible for Editor in 3.69 ms, found 3 plugins.
Preloading 0 native plugins for Editor in 0.00 ms.
Unloading 3071 Unused Serialized files (Serialized files now loaded: 0)
Unloading 31 unused Assets / (56.3 KB). Loaded Objects now: 3534.
Memory consumption went from 114.3 MB to 114.3 MB.
Total: 2.774700 ms (FindLiveObjects: 0.416500 ms CreateObjectMapping: 0.293400 ms MarkObjects: 1.990300 ms  DeleteObjects: 0.073100 ms)

AssetImportParameters requested are different than current active one (requested -> active):
  custom:container-demuxer-ogg: 62fdf1f143b41e24485cea50d1cbac27 -> 
  custom:video-decoder-ogg-theora: a1e56fd34408186e4bbccfd4996cb3dc -> 
  custom:framework-win-MediaFoundation: 216162199b28c13a410421893ffa2e32 -> 
  custom:CustomObjectIndexerAttribute: 756ad292c208cfabdd7b50bc23989ffe -> 
  custom:container-demuxer-webm: 4f35f7cbe854078d1ac9338744f61a02 -> 
  custom:container-muxer-webm: aa71ff27fc2769a1b78a27578f13a17b -> 
  custom:video-decoder-webm-vp8: 9c59270c3fd7afecdb556c50c9e8de78 -> 
  custom:SearchIndexIgnoredProperties: e643bd26f0fe6173181afceb89e7c659 -> 
  custom:AudioImporter_EditorPlatform: d09bf68614088b80899f8185d706f6e7 -> 
  custom:video-encoder-webm-vp8: eb34c28f22e8b96e1ab97ce403110664 -> 
  custom:audio-decoder-ogg-vorbis: bf7c407c2cedff20999df2af8eb42d56 -> 
  custom:audio-encoder-webm-vorbis: bf7c407c2cedff20999df2af8eb42d56 -> 
========================================================================
Received Import Request.
  Time since last request: 506232.668728 seconds.
  path: Assets/wooden watch tower2.blend.dxf
  artifactKey: Guid(1708e637f4db02146b8b02c9aef52a26) Importer(815301076,1909f56bfc062723c751e8b465ee728b)
Start importing Assets/wooden watch tower2.blend.dxf using Guid(1708e637f4db02146b8b02c9aef52a26) Importer(815301076,1909f56bfc062723c751e8b465ee728b)  -> (artifact id: 'b649f184b1a498950e8262fa8360b152') in 0.123717 seconds
Number of updated asset objects reloaded before import = 0
Number of asset objects unloaded after import = 9
========================================================================
Received Import Request.
  Time since last request: 0.000024 seconds.
  path: Assets/Rock1.fbx
  artifactKey: Guid(d589166a5861f574d8619ca4a0453dbd) Importer(815301076,1909f56bfc062723c751e8b465ee728b)
Start importing Assets/Rock1.fbx using Guid(d589166a5861f574d8619ca4a0453dbd) Importer(815301076,1909f56bfc062723c751e8b465ee728b)  -> (artifact id: '77066a13f95c2028c3ab255463b44a45') in 0.054264 seconds
Number of updated asset objects reloaded before import = 0
Number of asset objects unloaded after import = 23
========================================================================
Received Import Request.
  Time since last request: 0.000014 seconds.
  path: Assets/textures/OPM0041_4K_Normal.png
  artifactKey: Guid(df422b525710d7c4ba2800de0736afad) Importer(815301076,1909f56bfc062723c751e8b465ee728b)
Start importing Assets/textures/OPM0041_4K_Normal.png using Guid(df422b525710d7c4ba2800de0736afad) Importer(815301076,1909f56bfc062723c751e8b465ee728b)  -> (artifact id: '58fecca0ee610eecadd3e85858d94ab8') in 0.043852 seconds
Number of updated asset objects reloaded before import = 0
Number of asset objects unloaded after import = 2
========================================================================
Received Import Request.
  Time since last request: 0.000018 seconds.
  path: Assets/blatt1_a.jpg
  artifactKey: Guid(0ba023dd30ba6184ca2ddee27fb3d59d) Importer(815301076,1909f56bfc062723c751e8b465ee728b)
Start importing Assets/blatt1_a.jpg using Guid(0ba023dd30ba6184ca2ddee27fb3d59d) Importer(815301076,1909f56bfc062723c751e8b465ee728b)  -> (artifact id: '5981d82d3e02dd25becdbae2ea4ceae3') in 0.021569 seconds
Number of updated asset objects reloaded before import = 0
Number of asset objects unloaded after import = 2
========================================================================
Received Import Request.
  Time since last request: 0.000012 seconds.
  path: Assets/cartoon-jump-6462.mp3
  artifactKey: Guid(95988c3d868ce5049887782cbbaa956a) Importer(815301076,1909f56bfc062723c751e8b465ee728b)
Start importing Assets/cartoon-jump-6462.mp3 using Guid(95988c3d868ce5049887782cbbaa956a) Importer(815301076,1909f56bfc062723c751e8b465ee728b)  -> (artifact id: 'ef8c3c88677c100ba7b4ae52680706be') in 0.027946 seconds
Number of updated asset objects reloaded before import = 0
Number of asset objects unloaded after import = 2
========================================================================
Received Import Request.
  Time since last request: 0.000017 seconds.
  path: Assets/Tree1.3ds
  artifactKey: Guid(db4f9affe36da43468e23dac9baa0f74) Importer(815301076,1909f56bfc062723c751e8b465ee728b)
Start importing Assets/Tree1.3ds using Guid(db4f9affe36da43468e23dac9baa0f74) Importer(815301076,1909f56bfc062723c751e8b465ee728b)  -> (artifact id: 'c90d2f9e5e78580540a4b31352921bf9') in 0.079193 seconds
Number of updated asset objects reloaded before import = 0
Number of asset objects unloaded after import = 21
========================================================================
Received Import Request.
  Time since last request: 0.000015 seconds.
  path: Assets/bark_loo.jpg
  artifactKey: Guid(00f5ced36426e604f9c104522606f2d9) Importer(815301076,1909f56bfc062723c751e8b465ee728b)
Start importing Assets/bark_loo.jpg using Guid(00f5ced36426e604f9c104522606f2d9) Importer(815301076,1909f56bfc062723c751e8b465ee728b)  -> (artifact id: 'f491e0d8341a76d311e39de8d92407b3') in 0.019996 seconds
Number of updated asset objects reloaded before import = 0
Number of asset objects unloaded after import = 2
========================================================================
Received Import Request.
  Time since last request: 0.000040 seconds.
  path: Assets/collectcoin-6075.mp3
  artifactKey: Guid(ac5f15485eddd0549a2b7178b132d911) Importer(815301076,1909f56bfc062723c751e8b465ee728b)
Start importing Assets/collectcoin-6075.mp3 using Guid(ac5f15485eddd0549a2b7178b132d911) Importer(815301076,1909f56bfc062723c751e8b465ee728b)  -> (artifact id: '4775a6e5556b9b758265a107f688a666') in 0.010523 seconds
Number of updated asset objects reloaded before import = 0
Number of asset objects unloaded after import = 2
========================================================================
Received Import Request.
  Time since last request: 0.000011 seconds.
  path: Assets/dark green.mat
  artifactKey: Guid(7a4db4b79b7c4564c82ad4e06482d4e7) Importer(815301076,1909f56bfc062723c751e8b465ee728b)
Start importing Assets/dark green.mat using Guid(7a4db4b79b7c4564c82ad4e06482d4e7) Importer(815301076,1909f56bfc062723c751e8b465ee728b)  -> (artifact id: '37a191d0f11cb15a9e17ffb11ae6cb86') in 0.013152 seconds
Number of updated asset objects reloaded before import = 0
Number of asset objects unloaded after import = 1
========================================================================
Received Import Request.
  Time since last request: 0.000014 seconds.
  path: Assets/table.fbx
  artifactKey: Guid(5910ad6116c153a42a9ae53e82723431) Importer(815301076,1909f56bfc062723c751e8b465ee728b)
Start importing Assets/table.fbx using Guid(5910ad6116c153a42a9ae53e82723431) Importer(815301076,1909f56bfc062723c751e8b465ee728b)  -> (artifact id: '4c3e85f75b61d6249e0e65d281e34063') in 0.124039 seconds
Number of updated asset objects reloaded before import = 0
Number of asset objects unloaded after import = 77
========================================================================
Received Import Request.
  Time since last request: 0.000013 seconds.
  path: Assets/wooden watch tower2.dae
  artifactKey: Guid(65037c962001467448e968ac4f9f0faf) Importer(815301076,1909f56bfc062723c751e8b465ee728b)
Start importing Assets/wooden watch tower2.dae using Guid(65037c962001467448e968ac4f9f0faf) Importer(815301076,1909f56bfc062723c751e8b465ee728b)  -> (artifact id: 'b80cd8a2d616041726ae91ca8fb3bf83') in 0.021696 seconds
Number of updated asset objects reloaded before import = 0
Number of asset objects unloaded after import = 8
========================================================================
Received Import Request.
  Time since last request: 0.000013 seconds.
  path: Assets/textures/Wood_Tower_Nor.jpg
  artifactKey: Guid(370ce7166d050eb49b0fc2b83291d1ca) Importer(815301076,1909f56bfc062723c751e8b465ee728b)
Start importing Assets/textures/Wood_Tower_Nor.jpg using Guid(370ce7166d050eb49b0fc2b83291d1ca) Importer(815301076,1909f56bfc062723c751e8b465ee728b)  -> (artifact id: 'a11d1909841f95e701d4d03f2bd3017c') in 0.022118 seconds
Number of updated asset objects reloaded before import = 0
Number of asset objects unloaded after import = 2
========================================================================
Received Import Request.
  Time since last request: 0.000012 seconds.
  path: Assets/Render2.png
  artifactKey: Guid(50602e080d1562e43a65d5b9fd94661e) Importer(815301076,1909f56bfc062723c751e8b465ee728b)
Start importing Assets/Render2.png using Guid(50602e080d1562e43a65d5b9fd94661e) Importer(815301076,1909f56bfc062723c751e8b465ee728b)  -> (artifact id: 'bc06afe8d1990df68e4985fec2c12875') in 0.019722 seconds
Number of updated asset objects reloaded before import = 0
Number of asset objects unloaded after import = 2
========================================================================
Received Import Request.
  Time since last request: 0.000014 seconds.
  path: Assets/textures/OPM0041_4K_BaseColor.png
  artifactKey: Guid(5a6b39a63865a694484309c7513195e2) Importer(815301076,1909f56bfc062723c751e8b465ee728b)
Start importing Assets/textures/OPM0041_4K_BaseColor.png using Guid(5a6b39a63865a694484309c7513195e2) Importer(815301076,1909f56bfc062723c751e8b465ee728b)  -> (artifact id: '16cadaf7f7ce961ed0bcb2b288656125') in 0.021560 seconds
Number of updated asset objects reloaded before import = 0
Number of asset objects unloaded after import = 2
========================================================================
Received Import Request.
  Time since last request: 0.000020 seconds.
  path: Assets/wooden watch tower2.3ds
  artifactKey: Guid(95c159a59fbe01c4cbc41e256ddc153c) Importer(815301076,1909f56bfc062723c751e8b465ee728b)
Start importing Assets/wooden watch tower2.3ds using Guid(95c159a59fbe01c4cbc41e256ddc153c) Importer(815301076,1909f56bfc062723c751e8b465ee728b)  -> (artifact id: 'e396d5936bc3cd38da619eef57b342c1') in 0.019108 seconds
Number of updated asset objects reloaded before import = 0
Number of asset objects unloaded after import = 8
========================================================================
Received Import Request.
  Time since last request: 0.000013 seconds.
  path: Assets/Door1.fbx
  artifactKey: Guid(b81815a75ad06a14c9a3898294fd5cff) Importer(815301076,1909f56bfc062723c751e8b465ee728b)
Start importing Assets/Door1.fbx using Guid(b81815a75ad06a14c9a3898294fd5cff) Importer(815301076,1909f56bfc062723c751e8b465ee728b)  -> (artifact id: '73b0d46da3818a8ec5eeb20f329ec9a2') in 0.058456 seconds
Number of updated asset objects reloaded before import = 0
Number of asset objects unloaded after import = 26
========================================================================
Received Import Request.
  Time since last request: 0.000016 seconds.
  path: Assets/Rock1.obj
  artifactKey: Guid(6eec4a0f081e453439ef579a1910b3ac) Importer(815301076,1909f56bfc062723c751e8b465ee728b)
Start importing Assets/Rock1.obj using Guid(6eec4a0f081e453439ef579a1910b3ac) Importer(815301076,1909f56bfc062723c751e8b465ee728b)  -> (artifact id: '576f30e91b6f0df33ad371c97fbfb6ab') in 0.030337 seconds
Number of updated asset objects reloaded before import = 0
Number of asset objects unloaded after import = 12
========================================================================
Received Import Request.
  Time since last request: 0.000013 seconds.
  path: Assets/textures/Wood_Tower_Col.jpg
  artifactKey: Guid(d012c608e727bc94abd822959339fc17) Importer(815301076,1909f56bfc062723c751e8b465ee728b)
Start importing Assets/textures/Wood_Tower_Col.jpg using Guid(d012c608e727bc94abd822959339fc17) Importer(815301076,1909f56bfc062723c751e8b465ee728b)  -> (artifact id: '34b7b0d99acd6fb71db794b01f876055') in 0.022416 seconds
Number of updated asset objects reloaded before import = 0
Number of asset objects unloaded after import = 2
========================================================================
Received Import Request.
  Time since last request: 0.000012 seconds.
  path: Assets/Render1.png
  artifactKey: Guid(34c3c736c26a7274581120b065bbfa2e) Importer(815301076,1909f56bfc062723c751e8b465ee728b)
Start importing Assets/Render1.png using Guid(34c3c736c26a7274581120b065bbfa2e) Importer(815301076,1909f56bfc062723c751e8b465ee728b)  -> (artifact id: 'ae39d9a41c58d242cee64997f762dc9f') in 0.018227 seconds
Number of updated asset objects reloaded before import = 0
Number of asset objects unloaded after import = 2
========================================================================
Received Import Request.
  Time since last request: 0.000011 seconds.
  path: Assets/wooden watch tower2.fbx
  artifactKey: Guid(148ec2cb3a0c00844b2ead2a177f285c) Importer(815301076,1909f56bfc062723c751e8b465ee728b)
Start importing Assets/wooden watch tower2.fbx using Guid(148ec2cb3a0c00844b2ead2a177f285c) Importer(815301076,1909f56bfc062723c751e8b465ee728b)  -> (artifact id: 'e189b1211b2f513bb479b683357e509e') in 0.026940 seconds
Number of updated asset objects reloaded before import = 0
Number of asset objects unloaded after import = 10
========================================================================
Received Import Request.
  Time since last request: 0.000013 seconds.
  path: Assets/textures/OPM0041_4K_Roughness.png
  artifactKey: Guid(f1ca80aa96d015e4290de0ca71203eec) Importer(815301076,1909f56bfc062723c751e8b465ee728b)
Start importing Assets/textures/OPM0041_4K_Roughness.png using Guid(f1ca80aa96d015e4290de0ca71203eec) Importer(815301076,1909f56bfc062723c751e8b465ee728b)  -> (artifact id: '0c966e1d3bba9dd872a4627e6a6c56b9') in 0.018805 seconds
Number of updated asset objects reloaded before import = 0
Number of asset objects unloaded after import = 2
========================================================================
Received Prepare
Begin MonoManager ReloadAssembly
- Loaded All Assemblies, in  0.390 seconds
Refreshing native plugins compatible for Editor in 3.02 ms, found 3 plugins.
Native extension for WindowsStandalone target not found
[Package Manager] Server::EnsureServerProcessIsRunning -- launch failed, reason: Unity was launched with the -noUpm command-line argument
[Package Manager] UpmClient::Send -- Unable to send message (not connected to UPM process).
[Package Manager] Cannot connect to Unity Package Manager local server
Mono: successfully reloaded assembly
- Finished resetting the current domain, in  0.888 seconds
Domain Reload Profiling: 1275ms
	BeginReloadAssembly (139ms)
		ExecutionOrderSort (0ms)
		DisableScriptedObjects (4ms)
		BackupInstance (0ms)
		ReleaseScriptingObjects (0ms)
		CreateAndSetChildDomain (29ms)
	RebuildCommonClasses (30ms)
	RebuildNativeTypeToScriptingClass (10ms)
	initialDomainReloadingComplete (28ms)
	LoadAllAssembliesAndSetupDomain (180ms)
		LoadAssemblies (247ms)
		RebuildTransferFunctionScriptingTraits (0ms)
		AnalyzeDomain (10ms)
			TypeCache.Refresh (5ms)
				TypeCache.ScanAssembly (0ms)
			ScanForSourceGeneratedMonoScriptInfo (0ms)
			ResolveRequiredComponents (4ms)
	FinalizeReload (889ms)
		ReleaseScriptCaches (0ms)
		RebuildScriptCaches (0ms)
		SetupLoadedEditorAssemblies (403ms)
			LogAssemblyErrors (0ms)
			InitializePlatformSupportModulesInManaged (7ms)
			SetLoadedEditorAssemblies (4ms)
			RefreshPlugins (0ms)
			BeforeProcessingInitializeOnLoad (62ms)
			ProcessInitializeOnLoadAttributes (302ms)
			ProcessInitializeOnLoadMethodAttributes (20ms)
			AfterProcessingInitializeOnLoad (9ms)
			EditorAssembliesLoaded (0ms)
		ExecutionOrderSort2 (0ms)
		AwakeInstancesAfterBackupRestoration (6ms)
Refreshing native plugins compatible for Editor in 3.64 ms, found 3 plugins.
Preloading 0 native plugins for Editor in 0.00 ms.
Unloading 3063 Unused Serialized files (Serialized files now loaded: 0)
Unloading 21 unused Assets / (29.7 KB). Loaded Objects now: 3589.
Memory consumption went from 118.0 MB to 118.0 MB.
Total: 2.548500 ms (FindLiveObjects: 0.217500 ms CreateObjectMapping: 0.209200 ms MarkObjects: 2.071900 ms  DeleteObjects: 0.049100 ms)

Prepare: number of updated asset objects reloaded= 0
AssetImportParameters requested are different than current active one (requested -> active):
  custom:container-demuxer-ogg: 62fdf1f143b41e24485cea50d1cbac27 -> 
  custom:video-decoder-ogg-theora: a1e56fd34408186e4bbccfd4996cb3dc -> 
  custom:framework-win-MediaFoundation: 216162199b28c13a410421893ffa2e32 -> 
  custom:CustomObjectIndexerAttribute: 756ad292c208cfabdd7b50bc23989ffe -> 
  custom:container-demuxer-webm: 4f35f7cbe854078d1ac9338744f61a02 -> 
  custom:container-muxer-webm: aa71ff27fc2769a1b78a27578f13a17b -> 
  custom:video-decoder-webm-vp8: 9c59270c3fd7afecdb556c50c9e8de78 -> 
  custom:SearchIndexIgnoredProperties: e643bd26f0fe6173181afceb89e7c659 -> 
  custom:AudioImporter_EditorPlatform: d09bf68614088b80899f8185d706f6e7 -> 
  custom:video-encoder-webm-vp8: eb34c28f22e8b96e1ab97ce403110664 -> 
  custom:audio-decoder-ogg-vorbis: bf7c407c2cedff20999df2af8eb42d56 -> 
  custom:audio-encoder-webm-vorbis: bf7c407c2cedff20999df2af8eb42d56 -> 
